# JRE version: Java(TM) SE Runtime Environment (22.0.1+8) (build 22.0.1+8-16)
# Java VM: Java HotSpot(TM) 64-Bit Server VM (22.0.1+8-16, mixed mode, emulated-client, sharing, tiered, compressed oops, compressed class ptrs, g1 gc, windows-amd64)
GC Precious Log:
 CardTable entry size: 512
 Card Set container configuration: InlinePtr #cards 5 size 8 Array Of Cards #cards 12 size 40 Howl #buckets 4 coarsen threshold 1843 Howl Bitmap #cards 512 size 80 coarsen threshold 460 Card regions per heap region 1 cards per card region 2048
 CPUs: 8 total, 8 available
 Memory: 8013M
 Large Page Support: Disabled
 NUMA Support: Disabled
 Compressed Oops: Enabled (32-bit)
 Heap Region Size: 1M
 Heap Min Capacity: 8M
 Heap Initial Capacity: 126M
 Heap Max Capacity: 2004M
 Pre-touch: Disabled
 Parallel Workers: 8
 Concurrent Workers: 2
 Concurrent Refinement Workers: 8
 Periodic GC: Disabled
Heap:
 garbage-first heap   total reserved 2052096K, committed 58368K, used 36803K [0x0000000082c00000, 0x0000000100000000)
  region size 1024K, 3 young (3072K), 2 survivors (2048K)
 Metaspace       used 63573K, committed 64320K, reserved 1114112K
  class space    used 9190K, committed 9472K, reserved 1048576K
GC Heap History (20 events):
Event: 8.914 GC heap before
{Heap before GC invocations=12 (full 0):
 garbage-first heap   total reserved 2052096K, committed 55296K, used 46872K [0x0000000082c00000, 0x0000000100000000)
  region size 1024K, 19 young (19456K), 2 survivors (2048K)
 Metaspace       used 39459K, committed 40064K, reserved 1114112K
  class space    used 5507K, committed 5760K, reserved 1048576K
}
Event: 8.918 GC heap after
{Heap after GC invocations=13 (full 0):
 garbage-first heap   total reserved 2052096K, committed 55296K, used 30241K [0x0000000082c00000, 0x0000000100000000)
  region size 1024K, 2 young (2048K), 2 survivors (2048K)
 Metaspace       used 39459K, committed 40064K, reserved 1114112K
  class space    used 5507K, committed 5760K, reserved 1048576K
}
Event: 9.819 GC heap before
{Heap before GC invocations=14 (full 0):
 garbage-first heap   total reserved 2052096K, committed 55296K, used 46625K [0x0000000082c00000, 0x0000000100000000)
  region size 1024K, 19 young (19456K), 2 survivors (2048K)
 Metaspace       used 43365K, committed 44096K, reserved 1114112K
  class space    used 6063K, committed 6400K, reserved 1048576K
}
Event: 9.824 GC heap after
{Heap after GC invocations=15 (full 0):
 garbage-first heap   total reserved 2052096K, committed 55296K, used 31557K [0x0000000082c00000, 0x0000000100000000)
  region size 1024K, 3 young (3072K), 3 survivors (3072K)
 Metaspace       used 43365K, committed 44096K, reserved 1114112K
  class space    used 6063K, committed 6400K, reserved 1048576K
}
Event: 10.627 GC heap before
{Heap before GC invocations=15 (full 0):
 garbage-first heap   total reserved 2052096K, committed 55296K, used 45893K [0x0000000082c00000, 0x0000000100000000)
  region size 1024K, 18 young (18432K), 3 survivors (3072K)
 Metaspace       used 47016K, committed 47680K, reserved 1114112K
  class space    used 6589K, committed 6848K, reserved 1048576K
}
Event: 10.633 GC heap after
{Heap after GC invocations=16 (full 0):
 garbage-first heap   total reserved 2052096K, committed 55296K, used 32299K [0x0000000082c00000, 0x0000000100000000)
  region size 1024K, 3 young (3072K), 3 survivors (3072K)
 Metaspace       used 47016K, committed 47680K, reserved 1114112K
  class space    used 6589K, committed 6848K, reserved 1048576K
}
Event: 11.608 GC heap before
{Heap before GC invocations=16 (full 0):
 garbage-first heap   total reserved 2052096K, committed 55296K, used 47659K [0x0000000082c00000, 0x0000000100000000)
  region size 1024K, 18 young (18432K), 3 survivors (3072K)
 Metaspace       used 49461K, committed 50112K, reserved 1114112K
  class space    used 6928K, committed 7232K, reserved 1048576K
}
Event: 11.613 GC heap after
{Heap after GC invocations=17 (full 0):
 garbage-first heap   total reserved 2052096K, committed 55296K, used 33550K [0x0000000082c00000, 0x0000000100000000)
  region size 1024K, 2 young (2048K), 2 survivors (2048K)
 Metaspace       used 49461K, committed 50112K, reserved 1114112K
  class space    used 6928K, committed 7232K, reserved 1048576K
}
Event: 12.917 GC heap before
{Heap before GC invocations=18 (full 0):
 garbage-first heap   total reserved 2052096K, committed 58368K, used 46862K [0x0000000082c00000, 0x0000000100000000)
  region size 1024K, 16 young (16384K), 2 survivors (2048K)
 Metaspace       used 53964K, committed 54592K, reserved 1114112K
  class space    used 7680K, committed 7936K, reserved 1048576K
}
Event: 12.922 GC heap after
{Heap after GC invocations=19 (full 0):
 garbage-first heap   total reserved 2052096K, committed 58368K, used 34227K [0x0000000082c00000, 0x0000000100000000)
  region size 1024K, 1 young (1024K), 1 survivors (1024K)
 Metaspace       used 53964K, committed 54592K, reserved 1114112K
  class space    used 7680K, committed 7936K, reserved 1048576K
}
Event: 14.125 GC heap before
{Heap before GC invocations=19 (full 0):
 garbage-first heap   total reserved 2052096K, committed 58368K, used 52659K [0x0000000082c00000, 0x0000000100000000)
  region size 1024K, 19 young (19456K), 1 survivors (1024K)
 Metaspace       used 55841K, committed 56448K, reserved 1114112K
  class space    used 8042K, committed 8320K, reserved 1048576K
}
Event: 14.130 GC heap after
{Heap after GC invocations=20 (full 0):
 garbage-first heap   total reserved 2052096K, committed 58368K, used 33905K [0x0000000082c00000, 0x0000000100000000)
  region size 1024K, 2 young (2048K), 2 survivors (2048K)
 Metaspace       used 55841K, committed 56448K, reserved 1114112K
  class space    used 8042K, committed 8320K, reserved 1048576K
}
Event: 14.637 GC heap before
{Heap before GC invocations=20 (full 0):
 garbage-first heap   total reserved 2052096K, committed 58368K, used 51313K [0x0000000082c00000, 0x0000000100000000)
  region size 1024K, 19 young (19456K), 2 survivors (2048K)
 Metaspace       used 56316K, committed 56960K, reserved 1114112K
  class space    used 8105K, committed 8384K, reserved 1048576K
}
Event: 14.640 GC heap after
{Heap after GC invocations=21 (full 0):
 garbage-first heap   total reserved 2052096K, committed 58368K, used 34076K [0x0000000082c00000, 0x0000000100000000)
  region size 1024K, 2 young (2048K), 2 survivors (2048K)
 Metaspace       used 56316K, committed 56960K, reserved 1114112K
  class space    used 8105K, committed 8384K, reserved 1048576K
}
Event: 15.877 GC heap before
{Heap before GC invocations=22 (full 0):
 garbage-first heap   total reserved 2052096K, committed 58368K, used 51484K [0x0000000082c00000, 0x0000000100000000)
  region size 1024K, 19 young (19456K), 2 survivors (2048K)
 Metaspace       used 59593K, committed 60352K, reserved 1114112K
  class space    used 8657K, committed 8960K, reserved 1048576K
}
Event: 15.883 GC heap after
{Heap after GC invocations=23 (full 0):
 garbage-first heap   total reserved 2052096K, committed 58368K, used 35659K [0x0000000082c00000, 0x0000000100000000)
  region size 1024K, 3 young (3072K), 3 survivors (3072K)
 Metaspace       used 59593K, committed 60352K, reserved 1114112K
  class space    used 8657K, committed 8960K, reserved 1048576K
}
Event: 16.681 GC heap before
{Heap before GC invocations=23 (full 0):
 garbage-first heap   total reserved 2052096K, committed 58368K, used 49995K [0x0000000082c00000, 0x0000000100000000)
  region size 1024K, 18 young (18432K), 3 survivors (3072K)
 Metaspace       used 61909K, committed 62592K, reserved 1114112K
  class space    used 8940K, committed 9216K, reserved 1048576K
}
Event: 16.689 GC heap after
{Heap after GC invocations=24 (full 0):
 garbage-first heap   total reserved 2052096K, committed 58368K, used 36057K [0x0000000082c00000, 0x0000000100000000)
  region size 1024K, 3 young (3072K), 3 survivors (3072K)
 Metaspace       used 61909K, committed 62592K, reserved 1114112K
  class space    used 8940K, committed 9216K, reserved 1048576K
}
Event: 17.133 GC heap before
{Heap before GC invocations=24 (full 0):
 garbage-first heap   total reserved 2052096K, committed 58368K, used 50393K [0x0000000082c00000, 0x0000000100000000)
  region size 1024K, 17 young (17408K), 3 survivors (3072K)
 Metaspace       used 63487K, committed 64256K, reserved 1114112K
  class space    used 9174K, committed 9472K, reserved 1048576K
}
Event: 17.140 GC heap after
{Heap after GC invocations=25 (full 0):
 garbage-first heap   total reserved 2052096K, committed 58368K, used 36803K [0x0000000082c00000, 0x0000000100000000)
  region size 1024K, 2 young (2048K), 2 survivors (2048K)
 Metaspace       used 63487K, committed 64256K, reserved 1114112K
  class space    used 9174K, committed 9472K, reserved 1048576K
}

